run models ... 
pyenv activating ... 
/home/ubuntu/mlops/models/iris/start-all.sh: line 19: local: can only be used in a function
lsof: unacceptable port specification in: -i TCP:
lsof 4.95.0
 latest revision: https://github.com/lsof-org/lsof
 latest FAQ: https://github.com/lsof-org/lsof/blob/master/00FAQ
 latest (non-formatted) man page: https://github.com/lsof-org/lsof/blob/master/Lsof.8
 usage: [-?abhKlnNoOPRtUvVX] [+|-c c] [+|-d s] [+D D] [+|-E] [+|-e s] [+|-f[gG]]
 [-F [f]] [-g [s]] [-i [i]] [+|-L [l]] [+m [m]] [+|-M] [-o [o]] [-p s]
 [+|-r [t]] [-s [p:s]] [-S [t]] [-T [t]] [-u s] [+|-w] [-x [fl]] [--] [names]
Use the ``-h'' option to get more help information.
port forwarding...
/home/ubuntu/mlops/models/iris/train_and_register_model.py:36: UserWarning: pandas only supports SQLAlchemy connectable (engine/connection) or database string URI or sqlite3 DBAPI2 connection. Other DBAPI2 objects are not tested. Please consider using SQLAlchemy.
  df = pd.read_sql(query, conn)
2024/10/05 12:05:08 WARNING mlflow.models.model: Model logged without a signature and input example. Please set `input_example` parameter when logging the model to auto infer the model signature.
Registered model 'iris_model' already exists. Creating a new version of this model...
2024/10/05 12:05:08 INFO mlflow.store.model_registry.abstract_store: Waiting up to 300 seconds for model version to finish creation. Model name: iris_model, version 31
Created version '31' of model 'iris_model'.
/home/ubuntu/mlops/models/iris/train_and_register_model.py:107: FutureWarning: ``mlflow.tracking.client.MlflowClient.transition_model_version_stage`` is deprecated since 2.9.0. Model registry stages will be removed in a future major release. To learn more about the deprecation of model registry stages, see our migration guide here: https://mlflow.org/docs/latest/model-registry.html#migrating-from-stages
  client.transition_model_version_stage(
/home/ubuntu/mlops/models/iris/train_and_register_model.py:117: FutureWarning: ``mlflow.tracking.client.MlflowClient.transition_model_version_stage`` is deprecated since 2.9.0. Model registry stages will be removed in a future major release. To learn more about the deprecation of model registry stages, see our migration guide here: https://mlflow.org/docs/latest/model-registry.html#migrating-from-stages
  client.transition_model_version_stage(
2024/10/05 12:05:10 INFO mlflow.tracking._tracking_service.client: ðŸƒ View run model_v1.2439.b1 at: http://localhost:30003/#/experiments/1/runs/5969db9f1a514ad0801fe50fa7ff545f.
2024/10/05 12:05:10 INFO mlflow.tracking._tracking_service.client: ðŸ§ª View experiment at: http://localhost:30003/#/experiments/1.
connected
@@@@@@@@@@@@@@@@@@@@@@@@@@@@ runs:/5969db9f1a514ad0801fe50fa7ff545f/model @@@@@@@@@@@@@@@@@@@@@@@@@@@@@@
Model iris_model version 31 promoted to production.
pyenv deactivating ... 
git push ... 
[mlops ad53260] model created or edited - 2024-10-05 12:05:11 - 1.2439.b31
 1 file changed, 6 insertions(+), 6 deletions(-)
remote: 
remote: GitHub found 15 vulnerabilities on WestDragonWon/yeardream-miniproject's default branch (4 high, 9 moderate, 2 low). To find out more, visit:        
remote:      https://github.com/WestDragonWon/yeardream-miniproject/security/dependabot        
remote: 
To github.com:WestDragonWon/yeardream-miniproject.git
   02913d0..ad53260  mlops -> mlops
#0 building with "default" instance using docker driver

#1 [internal] load build definition from Dockerfile
#1 transferring dockerfile: 308B done
#1 DONE 0.0s

#2 [auth] library/python:pull token for registry-1.docker.io
#2 DONE 0.0s

#3 [internal] load metadata for docker.io/library/python:3.9-slim
#3 DONE 1.2s

#4 [internal] load .dockerignore
#4 transferring context: 2B 0.0s done
#4 DONE 0.0s

#5 [1/4] FROM docker.io/library/python:3.9-slim@sha256:49f94609e5a997dc16086a66ac9664591854031d48e375945a9dbf4d1d53abbc
#5 DONE 0.0s

#6 [internal] load build context
#6 transferring context: 102B done
#6 DONE 0.0s

#7 [3/4] COPY . .
#7 CACHED

#8 [2/4] WORKDIR /app
#8 CACHED

#9 [4/4] RUN pip install -r requirements.txt
#9 CACHED

#10 exporting to image
#10 exporting layers done
#10 writing image sha256:63daf53491e30a9a2688dfaa0770b68cd198ac4b18bee7b40483e2e4d1070278 done
#10 naming to docker.io/westdragonwon/iris_deployment:latest done
#10 DONE 0.0s
The push refers to repository [docker.io/westdragonwon/iris_deployment]
1d34a6fc66ea: Preparing
670dd4975d61: Preparing
1abb2137a7b5: Preparing
9e599118e168: Preparing
e228adf1886f: Preparing
fb5ccd0db472: Preparing
8d853c8add5d: Preparing
fb5ccd0db472: Waiting
8d853c8add5d: Waiting
e228adf1886f: Layer already exists
1d34a6fc66ea: Layer already exists
9e599118e168: Layer already exists
670dd4975d61: Layer already exists
1abb2137a7b5: Layer already exists
fb5ccd0db472: Layer already exists
8d853c8add5d: Layer already exists
latest: digest: sha256:998269942486b07801bb371df67d75f4e6d61edebb86ae46aef137c92edd0057 size: 1786
#0 building with "default" instance using docker driver

#1 [internal] load build definition from Dockerfile
#1 transferring dockerfile: 308B done
#1 DONE 0.0s

#2 [internal] load metadata for docker.io/library/python:3.9-slim
#2 DONE 0.2s

#3 [internal] load .dockerignore
#3 transferring context: 2B done
#3 DONE 0.0s

#4 [1/4] FROM docker.io/library/python:3.9-slim@sha256:49f94609e5a997dc16086a66ac9664591854031d48e375945a9dbf4d1d53abbc
#4 DONE 0.0s

#5 [internal] load build context
#5 transferring context: 102B done
#5 DONE 0.0s

#6 [2/4] WORKDIR /app
#6 CACHED

#7 [3/4] COPY . .
#7 CACHED

#8 [4/4] RUN pip install -r requirements.txt
#8 CACHED

#9 exporting to image
#9 exporting layers done
#9 writing image sha256:63daf53491e30a9a2688dfaa0770b68cd198ac4b18bee7b40483e2e4d1070278 done
#9 naming to docker.io/westdragonwon/iris_deployment:1.2439.b31 done
#9 DONE 0.0s
The push refers to repository [docker.io/westdragonwon/iris_deployment]
1d34a6fc66ea: Preparing
670dd4975d61: Preparing
1abb2137a7b5: Preparing
9e599118e168: Preparing
e228adf1886f: Preparing
fb5ccd0db472: Preparing
8d853c8add5d: Preparing
8d853c8add5d: Waiting
fb5ccd0db472: Waiting
9e599118e168: Layer already exists
e228adf1886f: Layer already exists
1abb2137a7b5: Layer already exists
1d34a6fc66ea: Layer already exists
670dd4975d61: Layer already exists
fb5ccd0db472: Layer already exists
8d853c8add5d: Layer already exists
1.2439.b31: digest: sha256:998269942486b07801bb371df67d75f4e6d61edebb86ae46aef137c92edd0057 size: 1786
