run models ... 
pyenv activating ... 
port forward skip
2024/10/05 15:40:08 WARNING mlflow.models.model: Model logged without a signature and input example. Please set `input_example` parameter when logging the model to auto infer the model signature.
Registered model 'iris_model' already exists. Creating a new version of this model...
2024/10/05 15:40:09 INFO mlflow.store.model_registry.abstract_store: Waiting up to 300 seconds for model version to finish creation. Model name: iris_model, version 37
Created version '37' of model 'iris_model'.
/home/ubuntu/mlops/models/iris/train_and_register_model.py:110: FutureWarning: ``mlflow.tracking.client.MlflowClient.transition_model_version_stage`` is deprecated since 2.9.0. Model registry stages will be removed in a future major release. To learn more about the deprecation of model registry stages, see our migration guide here: https://mlflow.org/docs/latest/model-registry.html#migrating-from-stages
  client.transition_model_version_stage(
/home/ubuntu/mlops/models/iris/train_and_register_model.py:120: FutureWarning: ``mlflow.tracking.client.MlflowClient.transition_model_version_stage`` is deprecated since 2.9.0. Model registry stages will be removed in a future major release. To learn more about the deprecation of model registry stages, see our migration guide here: https://mlflow.org/docs/latest/model-registry.html#migrating-from-stages
  client.transition_model_version_stage(
2024/10/05 15:40:10 INFO mlflow.tracking._tracking_service.client: ðŸƒ View run model_v1.2439.b37 at: http://localhost:30003/#/experiments/1/runs/433494eaf39e41c0904c263882c5f243.
2024/10/05 15:40:10 INFO mlflow.tracking._tracking_service.client: ðŸ§ª View experiment at: http://localhost:30003/#/experiments/1.
connected
@@@@@@@@@@@@@@@@@@@@@@@@@@@@ runs:/433494eaf39e41c0904c263882c5f243/model @@@@@@@@@@@@@@@@@@@@@@@@@@@@@@
Model iris_model version 37 promoted to production.
pyenv deactivating ... 
git push ... 
[mlops 6a7cf43] model created or edited - 2024-10-05 15:40:11 - 1.2439.b37
 2 files changed, 13 insertions(+), 10 deletions(-)
remote: 
remote: GitHub found 1 vulnerability on WestDragonWon/yeardream-miniproject's default branch (1 moderate). To find out more, visit:        
remote:      https://github.com/WestDragonWon/yeardream-miniproject/security/dependabot/26        
remote: 
To github.com:WestDragonWon/yeardream-miniproject.git
   4af5214..6a7cf43  mlops -> mlops
#0 building with "default" instance using docker driver

#1 [internal] load build definition from Dockerfile
#1 transferring dockerfile: 308B done
#1 DONE 0.0s

#2 [internal] load metadata for docker.io/library/python:3.9-slim
#2 ...

#3 [auth] library/python:pull token for registry-1.docker.io
#3 DONE 0.0s

#2 [internal] load metadata for docker.io/library/python:3.9-slim
#2 DONE 1.3s

#4 [internal] load .dockerignore
#4 transferring context: 2B done
#4 DONE 0.0s

#5 [1/4] FROM docker.io/library/python:3.9-slim@sha256:49f94609e5a997dc16086a66ac9664591854031d48e375945a9dbf4d1d53abbc
#5 DONE 0.0s

#6 [internal] load build context
#6 transferring context: 102B done
#6 DONE 0.0s

#7 [2/4] WORKDIR /app
#7 CACHED

#8 [3/4] COPY . .
#8 CACHED

#9 [4/4] RUN pip install -r requirements.txt
#9 CACHED

#10 exporting to image
#10 exporting layers done
#10 writing image sha256:63daf53491e30a9a2688dfaa0770b68cd198ac4b18bee7b40483e2e4d1070278 done
#10 naming to docker.io/westdragonwon/iris_deployment:latest done
#10 DONE 0.0s
The push refers to repository [docker.io/westdragonwon/iris_deployment]
1d34a6fc66ea: Preparing
670dd4975d61: Preparing
1abb2137a7b5: Preparing
9e599118e168: Preparing
e228adf1886f: Preparing
fb5ccd0db472: Preparing
8d853c8add5d: Preparing
fb5ccd0db472: Waiting
8d853c8add5d: Waiting
1d34a6fc66ea: Layer already exists
e228adf1886f: Layer already exists
9e599118e168: Layer already exists
1abb2137a7b5: Layer already exists
670dd4975d61: Layer already exists
fb5ccd0db472: Layer already exists
8d853c8add5d: Layer already exists
latest: digest: sha256:998269942486b07801bb371df67d75f4e6d61edebb86ae46aef137c92edd0057 size: 1786
#0 building with "default" instance using docker driver

#1 [internal] load build definition from Dockerfile
#1 transferring dockerfile: 308B done
#1 DONE 0.0s

#2 [internal] load metadata for docker.io/library/python:3.9-slim
#2 DONE 0.2s

#3 [internal] load .dockerignore
#3 transferring context: 2B done
#3 DONE 0.0s

#4 [1/4] FROM docker.io/library/python:3.9-slim@sha256:49f94609e5a997dc16086a66ac9664591854031d48e375945a9dbf4d1d53abbc
#4 DONE 0.0s

#5 [internal] load build context
#5 transferring context: 102B done
#5 DONE 0.0s

#6 [2/4] WORKDIR /app
#6 CACHED

#7 [3/4] COPY . .
#7 CACHED

#8 [4/4] RUN pip install -r requirements.txt
#8 CACHED

#9 exporting to image
#9 exporting layers done
#9 writing image sha256:63daf53491e30a9a2688dfaa0770b68cd198ac4b18bee7b40483e2e4d1070278 done
#9 naming to docker.io/westdragonwon/iris_deployment:1.2439.b37 done
#9 DONE 0.0s
The push refers to repository [docker.io/westdragonwon/iris_deployment]
1d34a6fc66ea: Preparing
670dd4975d61: Preparing
1abb2137a7b5: Preparing
9e599118e168: Preparing
e228adf1886f: Preparing
fb5ccd0db472: Preparing
8d853c8add5d: Preparing
fb5ccd0db472: Waiting
8d853c8add5d: Waiting
9e599118e168: Layer already exists
e228adf1886f: Layer already exists
1d34a6fc66ea: Layer already exists
670dd4975d61: Layer already exists
1abb2137a7b5: Layer already exists
fb5ccd0db472: Layer already exists
8d853c8add5d: Layer already exists
1.2439.b37: digest: sha256:998269942486b07801bb371df67d75f4e6d61edebb86ae46aef137c92edd0057 size: 1786
deployment.apps/iris-deployment image updated
